! ——————————————————————————————
! Title      : NT+PC_YT: "Include"
! Author     : MDP43140
! Version    : 07.09.2021_dev
! Description: allows user to customize what to block, kinda like "topping" you know?
!          PS: recommended to put this on "my filter" section and add
!              "https://subscribe.adblockplus.org/?location=https://github.com/MDP43140/NoTrash-PureClean-YT/raw/main/Extensions/"
!              on every "!#include >put it here<FileName"
!              and ofcourse dont put this header.
!              Or you can just add each one in here "https://github.com/MDP43140/NoTrash-PureClean-YT/blob/main/Extensions"
! ——————————————————————————————
!#if env_mobile
	!#include YTMobileWeb.txt
!endif

!#include ContentFilter.txt
!#include ChannelBlacklists.txt
!#include LeftHandMenu.txt
!#include TopMastheaderMenu.txt
!#include VideoPlayer.txt
!#include OtherSources.txt
!#include EXTREME.txt
!#include MyBlockingPreference.txt
